<?xml version="1.0" encoding="UTF-8"?>
<testng-results ignored="0" total="2" passed="2" failed="0" skipped="0">
  <reporter-output>
  </reporter-output>
  <suite started-at="2026-04-28T12:04:29 IST" name="GymProjectSuite" finished-at="2026-04-28T12:04:29 IST" duration-ms="27">
    <groups>
    </groups>
    <test started-at="2026-04-28T12:04:29 IST" name="TitleVerification" finished-at="2026-04-28T12:04:29 IST" duration-ms="27">
      <class name="src.GymTest">
        <test-method signature="verifyHomePageContent()[pri:0, instance:src.GymTest@150c158]" started-at="2026-04-28T12:04:29 IST" name="verifyHomePageContent" finished-at="2026-04-28T12:04:29 IST" duration-ms="17" status="PASS">
          <reporter-output>
          </reporter-output>
        </test-method> <!-- verifyHomePageContent -->
        <test-method signature="verifyServerIsUp()[pri:0, instance:src.GymTest@150c158]" started-at="2026-04-28T12:04:29 IST" name="verifyServerIsUp" finished-at="2026-04-28T12:04:29 IST" duration-ms="0" status="PASS">
          <reporter-output>
          </reporter-output>
        </test-method> <!-- verifyServerIsUp -->
      </class> <!-- src.GymTest -->
    </test> <!-- TitleVerification -->
  </suite> <!-- GymProjectSuite -->
</testng-results>
